  Botiquin.cpp
  Caja.cpp
  Corazon.cpp
  Interaccion.cpp
  ListaCajas.cpp
  ListaObjetos.cpp
  ListaProyectiles.cpp
  Mundo.cpp
C:\Users\Enri\Desktop\Tanque2D\src\Mundo.cpp(49,28): warning C4305: 'argumento': truncamiento de 'double' a 'float'
C:\Users\Enri\Desktop\Tanque2D\src\Mundo.cpp(50,28): warning C4305: 'argumento': truncamiento de 'double' a 'float'
  Objeto.cpp
C:\Users\Enri\Desktop\Tanque2D\src\Objeto.cpp(17,13): warning C4244: 'return': conversión de 'double' a 'float'; posible pérdida de datos
C:\Users\Enri\Desktop\Tanque2D\src\Objeto.cpp(20,11): warning C4244: 'inicializando': conversión de 'double' a 'int'; posible pérdida de datos
C:\Users\Enri\Desktop\Tanque2D\src\Objeto.cpp(21,11): warning C4244: 'inicializando': conversión de 'double' a 'int'; posible pérdida de datos
C:\Users\Enri\Desktop\Tanque2D\src\Objeto.cpp(22,11): warning C4244: 'inicializando': conversión de 'double' a 'int'; posible pérdida de datos
C:\Users\Enri\Desktop\Tanque2D\src\Objeto.cpp(23,11): warning C4244: 'inicializando': conversión de 'double' a 'int'; posible pérdida de datos
C:\Users\Enri\Desktop\Tanque2D\src\Objeto.cpp(28,19): warning C4244: '=': conversión de 'double' a 'float'; posible pérdida de datos
C:\Users\Enri\Desktop\Tanque2D\src\Objeto.cpp(29,19): warning C4244: '=': conversión de 'double' a 'float'; posible pérdida de datos
  Pared.cpp
  Principal.cpp
  Proyectil.cpp
  tanque.cpp
C:\Users\Enri\Desktop\Tanque2D\src\tanque.cpp(65,49): warning C4244: 'argumento': conversión de 'float' a 'int'; posible pérdida de datos
C:\Users\Enri\Desktop\Tanque2D\src\tanque.cpp(75,10): warning C4244: '=': conversión de 'int' a 'float'; posible pérdida de datos
  tanqueEnemigo.cpp
  tanqueEnemigoA.cpp
  tanqueEnemigoB.cpp
  tanqueJugador.cpp
  Vector2D.cpp
  Generando código...
C:\Users\Enri\Desktop\Tanque2D\src\Caja.cpp(60): warning C4715: 'Caja::GetLim': no todas las rutas de acceso de control devuelven un valor
  Pang.vcxproj -> C:\Users\Enri\Desktop\Tanque2D\bin\Taque2D.exe
